<?xml version="1.0" encoding="UTF-8"?>
<testng-results ignored="0" total="0" passed="0" failed="0" skipped="0">
  <reporter-output>
  </reporter-output>
  <suite started-at="2023-10-25T21:26:07 IST" name="Suite" finished-at="2023-10-25T21:26:07 IST" duration-ms="18">
    <groups>
    </groups>
    <test started-at="2023-10-25T21:26:07 IST" name="Test" finished-at="2023-10-25T21:26:07 IST" duration-ms="18">
      <class name="ContactsTests.CreateContactWithOrganizationTest">
        <test-method is-config="true" signature="bsConfig()[pri:0, instance:ContactsTests.CreateContactWithOrganizationTest@ba2f4ec]" started-at="2023-10-25T21:26:07 IST" name="bsConfig" finished-at="2023-10-25T21:26:07 IST" duration-ms="16" status="PASS">
          <reporter-output>
          </reporter-output>
        </test-method> <!-- bsConfig -->
        <test-method is-config="true" signature="asConfig()[pri:0, instance:ContactsTests.CreateContactWithOrganizationTest@ba2f4ec]" started-at="2023-10-25T21:26:07 IST" name="asConfig" finished-at="2023-10-25T21:26:07 IST" duration-ms="0" status="PASS">
          <reporter-output>
          </reporter-output>
        </test-method> <!-- asConfig -->
      </class> <!-- ContactsTests.CreateContactWithOrganizationTest -->
    </test> <!-- Test -->
  </suite> <!-- Suite -->
</testng-results>
